SF:/home/runner/work/ce204-hw4-bedirhan-ozcelik/ce204-hw4-bedirhan-ozcelik/ce204-hw4/src/main/java/ce204_hw4_library/Car.java
DA:24,0
DA:35,0
DA:43,0
DA:51,0
DA:59,0
DA:67,0
DA:75,0
DA:83,0
DA:95,0
DA:106,0
DA:119,0
DA:151,0
DA:167,0
DA:180,0
DA:6,0
DA:7,0
DA:8,0
DA:9,0
DA:10,0
DA:11,0
DA:4,0
DA:1,0
end_of_record
SF:/home/runner/work/ce204-hw4-bedirhan-ozcelik/ce204-hw4-bedirhan-ozcelik/ce204-hw4/src/main/java/ce204_hw4_library/CarRentalSystem.java
DA:24,0
DA:106,0
DA:58,0
DA:79,0
DA:167,0
DA:267,0
DA:383,0
DA:460,0
DA:526,0
DA:601,0
DA:13,0
DA:14,0
DA:16,0
DA:15,0
DA:18,0
DA:11,0
DA:1,0
end_of_record
SF:/home/runner/work/ce204-hw4-bedirhan-ozcelik/ce204-hw4-bedirhan-ozcelik/ce204-hw4/src/main/java/ce204_hw4_app/ce204_hw4_app.java
DA:15,0
DA:13,0
DA:7,1
DA:1,0
end_of_record
SF:/home/runner/work/ce204-hw4-bedirhan-ozcelik/ce204-hw4-bedirhan-ozcelik/ce204-hw4/src/main/java/ce204_hw4_library/DateTime.java
DA:20,0
DA:28,0
DA:38,0
DA:49,0
DA:57,0
DA:65,0
DA:74,0
DA:91,0
DA:102,0
DA:150,0
DA:161,0
DA:180,0
DA:82,0
DA:117,0
DA:135,0
DA:10,0
DA:11,0
DA:12,0
DA:13,0
DA:14,0
DA:15,0
DA:8,0
DA:1,0
end_of_record
SF:/home/runner/work/ce204-hw4-bedirhan-ozcelik/ce204-hw4-bedirhan-ozcelik/ce204-hw4/src/main/java/ce204_hw4_library/RentalRecord.java
DA:18,0
DA:30,0
DA:40,0
DA:48,0
DA:56,0
DA:64,0
DA:77,0
DA:4,0
DA:5,0
DA:6,0
DA:7,0
DA:8,0
DA:9,0
DA:10,0
DA:3,0
DA:1,0
end_of_record
SF:/home/runner/work/ce204-hw4-bedirhan-ozcelik/ce204-hw4-bedirhan-ozcelik/ce204-hw4/src/main/java/ce204_hw4_library/User.java
DA:13,0
DA:22,0
DA:30,0
DA:4,0
DA:5,0
DA:3,0
DA:1,0
end_of_record
SF:/home/runner/work/ce204-hw4-bedirhan-ozcelik/ce204-hw4-bedirhan-ozcelik/ce204-hw4/src/main/java/ce204_hw4_library/Van.java
DA:20,0
DA:30,0
DA:38,0
DA:46,0
DA:54,0
DA:62,0
DA:70,0
DA:78,0
DA:86,0
DA:97,0
DA:108,0
DA:121,0
DA:153,0
DA:167,0
DA:180,0
DA:5,0
DA:6,0
DA:7,0
DA:8,0
DA:3,0
DA:1,0
end_of_record
SF:/home/runner/work/ce204-hw4-bedirhan-ozcelik/ce204-hw4-bedirhan-ozcelik/ce204-hw4/src/main/java/ce204_hw4_library/Vehicle.java
DA:23,0
DA:37,0
DA:49,0
DA:82,0
DA:93,0
DA:118,0
DA:142,0
DA:4,0
DA:5,0
DA:6,0
DA:7,0
DA:9,0
DA:8,0
DA:10,0
DA:3,0
DA:1,0
end_of_record
SF:/home/runner/work/ce204-hw4-bedirhan-ozcelik/ce204-hw4-bedirhan-ozcelik/ce204-hw4/src/main/java/ce204_hw4_library/VehicleType.java
DA:17,0
DA:27,0
DA:38,0
DA:51,0
DA:60,0
DA:70,0
DA:83,0
DA:92,0
DA:104,0
DA:123,0
DA:5,0
DA:6,0
DA:7,0
DA:8,0
DA:3,0
DA:1,0
end_of_record
